This is pdfTeX, Version 3.141592653-2.6-1.40.24 (MiKTeX 21.12.10) (preloaded format=pdflatex 2022.1.20)  4 SEP 2022 21:36
entering extended mode
 restricted \write18 enabled.
 %&-line parsing enabled.
**"C:/Users/Ruochen/Desktop/FALL 2022/BMI 500/lab1/KONG_ImageTrans_Profile.tex"

(C:/Users/Ruochen/Desktop/FALL 2022/BMI 500/lab1/KONG_ImageTrans_Profile.tex
LaTeX2e <2021-11-15> patch level 1
L3 programming layer <2021-11-22>
(C:\Users\Ruochen\AppData\Local\Programs\MiKTeX\tex/latex/base\article.cls
Document Class: article 2021/10/04 v1.4n Standard LaTeX document class
(C:\Users\Ruochen\AppData\Local\Programs\MiKTeX\tex/latex/base\size11.clo
File: size11.clo 2021/10/04 v1.4n Standard LaTeX file (size option)
)
\c@part=\count183
\c@section=\count184
\c@subsection=\count185
\c@subsubsection=\count186
\c@paragraph=\count187
\c@subparagraph=\count188
\c@figure=\count189
\c@table=\count190
\abovecaptionskip=\skip47
\belowcaptionskip=\skip48
\bibindent=\dimen138
)
(C:\Users\Ruochen\AppData\Local\Programs\MiKTeX\tex/latex/datetime\datetime.sty
Package: datetime 2015/03/20 v2.60 Date Time Package

(C:\Users\Ruochen\AppData\Local\Programs\MiKTeX\tex/latex/etoolbox\etoolbox.sty
Package: etoolbox 2020/10/05 v2.5k e-TeX tools for LaTeX (JAW)
\etb@tempcnta=\count191
)
(C:\Users\Ruochen\AppData\Local\Programs\MiKTeX\tex/latex/fmtcount\fmtcount.sty
Package: fmtcount 2020/01/30 v3.07
(C:\Users\Ruochen\AppData\Local\Programs\MiKTeX\tex/latex/base\ifthen.sty
Package: ifthen 2020/11/24 v1.1c Standard LaTeX ifthen package (DPC)
)
(C:\Users\Ruochen\AppData\Local\Programs\MiKTeX\tex/latex/xkeyval\xkeyval.sty
Package: xkeyval 2020/11/20 v2.8 package option processing (HA)

(C:\Users\Ruochen\AppData\Local\Programs\MiKTeX\tex/generic/xkeyval\xkeyval.tex

(C:\Users\Ruochen\AppData\Local\Programs\MiKTeX\tex/generic/xkeyval\xkvutils.te
x
\XKV@toks=\toks16
\XKV@tempa@toks=\toks17

(C:\Users\Ruochen\AppData\Local\Programs\MiKTeX\tex/generic/xkeyval\keyval.tex)
)
\XKV@depth=\count192
File: xkeyval.tex 2014/12/03 v2.7a key=value parser (HA)
))
(C:\Users\Ruochen\AppData\Local\Programs\MiKTeX\tex/latex/fmtcount\fcprefix.sty
Package: fcprefix 2012/09/28

(C:\Users\Ruochen\AppData\Local\Programs\MiKTeX\tex/latex/fmtcount\fcnumparser.
sty
Package: fcnumparser 2017/06/15
\fc@digit@counter=\count193
))
(C:\Users\Ruochen\AppData\Local\Programs\MiKTeX\tex/latex/amsmath\amsgen.sty
File: amsgen.sty 1999/11/30 v2.0 generic functions
\@emptytoks=\toks18
\ex@=\dimen139
)
\c@padzeroesN=\count194
\fc@tmpcatcode=\count195
\@DT@modctr=\count196
\@ordinalctr=\count197
\@orgargctr=\count198
\@strctr=\count199
\@tmpstrctr=\count266
\@DT@loopN=\count267
\@DT@X=\count268
)
(C:\Users\Ruochen\AppData\Local\Programs\MiKTeX\tex/latex/datetime\datetime-def
aults.sty
Package: datetime-defaults 2013/09/10
)
\@day=\count269
\@month=\count270
\@year=\count271
\c@HOUR=\count272
\c@HOURXII=\count273
\c@MINUTE=\count274
\c@TOHOUR=\count275
\c@TOMINUTE=\count276
\c@SECOND=\count277
\currenthour=\count278
\currentminute=\count279
\currentsecond=\count280
Package datetime Info: No datetime.cfg file found, using default settings on in
put line 308.
\@dtctr=\count281
\dayofyear=\count282
\dayofweek=\count283
LaTeX Info: Redefining \today on input line 736.
\dt@a=\toks19
\dt@b=\toks20
)
(C:\Users\Ruochen\AppData\Local\Programs\MiKTeX\tex/latex/graphics\color.sty
Package: color 2021/12/07 v1.3c Standard LaTeX Color (DPC)

(C:\Users\Ruochen\AppData\Local\Programs\MiKTeX\tex/latex/graphics-cfg\color.cf
g
File: color.cfg 2016/01/02 v1.6 sample color configuration
)
Package color Info: Driver file: pdftex.def on input line 149.

(C:\Users\Ruochen\AppData\Local\Programs\MiKTeX\tex/latex/graphics-def\pdftex.d
ef
File: pdftex.def 2020/10/05 v1.2a Graphics/color driver for pdftex
)) (C:\Users\Ruochen\AppData\Local\Programs\MiKTeX\tex/latex/tools\array.sty
Package: array 2021/10/04 v2.5f Tabular extension package (FMi)
\col@sep=\dimen140
\ar@mcellbox=\box50
\extrarowheight=\dimen141
\NC@list=\toks21
\extratabsurround=\skip49
\backup@length=\skip50
\ar@cellbox=\box51
)
(C:\Users\Ruochen\AppData\Local\Programs\MiKTeX\tex/latex/graphics\graphics.sty
Package: graphics 2021/03/04 v1.4d Standard LaTeX Graphics (DPC,SPQR)
(C:\Users\Ruochen\AppData\Local\Programs\MiKTeX\tex/latex/graphics\trig.sty
Package: trig 2021/08/11 v1.11 sin cos tan (DPC)
)
(C:\Users\Ruochen\AppData\Local\Programs\MiKTeX\tex/latex/graphics-cfg\graphics
.cfg
File: graphics.cfg 2016/06/04 v1.11 sample graphics configuration
)
Package graphics Info: Driver file: pdftex.def on input line 107.
)
(C:\Users\Ruochen\AppData\Local\Programs\MiKTeX\tex/latex/tools\enumerate.sty
Package: enumerate 2015/07/23 v3.00 enumerate extensions (DPC)
\@enLab=\toks22
)
(C:\Users\Ruochen\AppData\Local\Programs\MiKTeX\tex/latex/hyperref\hyperref.sty
Package: hyperref 2021-06-07 v7.00m Hypertext links for LaTeX

(C:\Users\Ruochen\AppData\Local\Programs\MiKTeX\tex/generic/ltxcmds\ltxcmds.sty
Package: ltxcmds 2020-05-10 v1.25 LaTeX kernel commands for general use (HO)
) (C:\Users\Ruochen\AppData\Local\Programs\MiKTeX\tex/generic/iftex\iftex.sty
Package: iftex 2020/03/06 v1.0d TeX engine tests
)
(C:\Users\Ruochen\AppData\Local\Programs\MiKTeX\tex/generic/pdftexcmds\pdftexcm
ds.sty
Package: pdftexcmds 2020-06-27 v0.33 Utility functions of pdfTeX for LuaTeX (HO
)

(C:\Users\Ruochen\AppData\Local\Programs\MiKTeX\tex/generic/infwarerr\infwarerr
.sty
Package: infwarerr 2019/12/03 v1.5 Providing info/warning/error messages (HO)
)
Package pdftexcmds Info: \pdf@primitive is available.
Package pdftexcmds Info: \pdf@ifprimitive is available.
Package pdftexcmds Info: \pdfdraftmode found.
)
(C:\Users\Ruochen\AppData\Local\Programs\MiKTeX\tex/generic/kvsetkeys\kvsetkeys
.sty
Package: kvsetkeys 2019/12/15 v1.18 Key value parser (HO)
)
(C:\Users\Ruochen\AppData\Local\Programs\MiKTeX\tex/generic/kvdefinekeys\kvdefi
nekeys.sty
Package: kvdefinekeys 2019-12-19 v1.6 Define keys (HO)
)
(C:\Users\Ruochen\AppData\Local\Programs\MiKTeX\tex/generic/pdfescape\pdfescape
.sty
Package: pdfescape 2019/12/09 v1.15 Implements pdfTeX's escape features (HO)
)
(C:\Users\Ruochen\AppData\Local\Programs\MiKTeX\tex/latex/hycolor\hycolor.sty
Package: hycolor 2020-01-27 v1.10 Color options for hyperref/bookmark (HO)
)
(C:\Users\Ruochen\AppData\Local\Programs\MiKTeX\tex/latex/letltxmacro\letltxmac
ro.sty
Package: letltxmacro 2019/12/03 v1.6 Let assignment for LaTeX macros (HO)
)
(C:\Users\Ruochen\AppData\Local\Programs\MiKTeX\tex/latex/auxhook\auxhook.sty
Package: auxhook 2019-12-17 v1.6 Hooks for auxiliary files (HO)
)
(C:\Users\Ruochen\AppData\Local\Programs\MiKTeX\tex/latex/kvoptions\kvoptions.s
ty
Package: kvoptions 2020-10-07 v3.14 Key value format for package options (HO)
)
\@linkdim=\dimen142
\Hy@linkcounter=\count284
\Hy@pagecounter=\count285

(C:\Users\Ruochen\AppData\Local\Programs\MiKTeX\tex/latex/hyperref\pd1enc.def
File: pd1enc.def 2021-06-07 v7.00m Hyperref: PDFDocEncoding definition (HO)
Now handling font encoding PD1 ...
... no UTF-8 mapping file for font encoding PD1
)
(C:\Users\Ruochen\AppData\Local\Programs\MiKTeX\tex/latex/hyperref\hyperref-lan
gpatches.def
File: hyperref-langpatches.def 2021-06-07 v7.00m Hyperref: patches for babel la
nguages
)
(C:\Users\Ruochen\AppData\Local\Programs\MiKTeX\tex/generic/intcalc\intcalc.sty
Package: intcalc 2019/12/15 v1.3 Expandable calculations with integers (HO)
)
(C:\Users\Ruochen\AppData\Local\Programs\MiKTeX\tex/generic/etexcmds\etexcmds.s
ty
Package: etexcmds 2019/12/15 v1.7 Avoid name clashes with e-TeX commands (HO)
)
\Hy@SavedSpaceFactor=\count286

(C:\Users\Ruochen\AppData\Local\Programs\MiKTeX\tex/latex/hyperref\puenc.def
File: puenc.def 2021-06-07 v7.00m Hyperref: PDF Unicode definition (HO)
Now handling font encoding PU ...
... no UTF-8 mapping file for font encoding PU
)
Package hyperref Info: Option `colorlinks' set `true' on input line 4073.
Package hyperref Info: Hyper figures OFF on input line 4192.
Package hyperref Info: Link nesting OFF on input line 4197.
Package hyperref Info: Hyper index ON on input line 4200.
Package hyperref Info: Plain pages OFF on input line 4207.
Package hyperref Info: Backreferencing OFF on input line 4212.
Package hyperref Info: Implicit mode ON; LaTeX internals redefined.
Package hyperref Info: Bookmarks ON on input line 4445.
\c@Hy@tempcnt=\count287

(C:\Users\Ruochen\AppData\Local\Programs\MiKTeX\tex/latex/url\url.sty
\Urlmuskip=\muskip16
Package: url 2013/09/16  ver 3.4  Verb mode for urls, etc.
)
LaTeX Info: Redefining \url on input line 4804.
\XeTeXLinkMargin=\dimen143

(C:\Users\Ruochen\AppData\Local\Programs\MiKTeX\tex/generic/bitset\bitset.sty
Package: bitset 2019/12/09 v1.3 Handle bit-vector datatype (HO)

(C:\Users\Ruochen\AppData\Local\Programs\MiKTeX\tex/generic/bigintcalc\bigintca
lc.sty
Package: bigintcalc 2019/12/15 v1.5 Expandable calculations on big integers (HO
)
))
\Fld@menulength=\count288
\Field@Width=\dimen144
\Fld@charsize=\dimen145
Package hyperref Info: Hyper figures OFF on input line 6076.
Package hyperref Info: Link nesting OFF on input line 6081.
Package hyperref Info: Hyper index ON on input line 6084.
Package hyperref Info: backreferencing OFF on input line 6091.
Package hyperref Info: Link coloring ON on input line 6094.
Package hyperref Info: Link coloring with OCG OFF on input line 6101.
Package hyperref Info: PDF/A mode OFF on input line 6106.
LaTeX Info: Redefining \ref on input line 6146.
LaTeX Info: Redefining \pageref on input line 6150.

(C:\Users\Ruochen\AppData\Local\Programs\MiKTeX\tex/latex/base\atbegshi-ltx.sty
Package: atbegshi-ltx 2021/01/10 v1.0c Emulation of the original atbegshi
package with kernel methods
)
\Hy@abspage=\count289
\c@Item=\count290
\c@Hfootnote=\count291
)
Package hyperref Info: Driver: hpdftex.

(C:\Users\Ruochen\AppData\Local\Programs\MiKTeX\tex/latex/hyperref\hpdftex.def
File: hpdftex.def 2021-06-07 v7.00m Hyperref driver for pdfTeX

(C:\Users\Ruochen\AppData\Local\Programs\MiKTeX\tex/latex/base\atveryend-ltx.st
y
Package: atveryend-ltx 2020/08/19 v1.0a Emulation of the original atveryend pac
kage
with kernel methods
)
\Fld@listcount=\count292
\c@bookmark@seq@number=\count293

(C:\Users\Ruochen\AppData\Local\Programs\MiKTeX\tex/latex/rerunfilecheck\rerunf
ilecheck.sty
Package: rerunfilecheck 2019/12/05 v1.9 Rerun checks for auxiliary files (HO)

(C:\Users\Ruochen\AppData\Local\Programs\MiKTeX\tex/generic/uniquecounter\uniqu
ecounter.sty
Package: uniquecounter 2019/12/15 v1.4 Provide unlimited unique counter (HO)
)
Package uniquecounter Info: New unique counter `rerunfilecheck' on input line 2
86.
)
\Hy@SectionHShift=\skip51
)
(C:\Users\Ruochen\AppData\Local\Programs\MiKTeX\tex/latex/ulem\ulem.sty
\UL@box=\box52
\UL@hyphenbox=\box53
\UL@skip=\skip52
\UL@hook=\toks23
\UL@height=\dimen146
\UL@pe=\count294
\UL@pixel=\dimen147
\ULC@box=\box54
Package: ulem 2019/11/18
\ULdepth=\dimen148
)
(C:\Users\Ruochen\AppData\Local\Programs\MiKTeX\tex/latex/algorithm2e\algorithm
2e.sty
Package: algorithm2e 2017/07/18 v5.2 algorithms environments
\c@AlgoLine=\count295
\algocf@hangindent=\skip53

(C:\Users\Ruochen\AppData\Local\Programs\MiKTeX\tex/latex/ifoddpage\ifoddpage.s
ty
Package: ifoddpage 2016/04/23 v1.1 Conditionals for odd/even page detection
\c@checkoddpage=\count296
) (C:\Users\Ruochen\AppData\Local\Programs\MiKTeX\tex/latex/tools\xspace.sty
Package: xspace 2014/10/28 v1.13 Space after command names (DPC,MH)
) (C:\Users\Ruochen\AppData\Local\Programs\MiKTeX\tex/latex/relsize\relsize.sty
Package: relsize 2013/03/29 ver 4.1
)
\skiptotal=\skip54
\skiplinenumber=\skip55
\skiprule=\skip56
\skiphlne=\skip57
\skiptext=\skip58
\skiplength=\skip59
\algomargin=\skip60
\skipalgocfslide=\skip61
\algowidth=\dimen149
\inoutsize=\dimen150
\inoutindent=\dimen151
\interspacetitleruled=\dimen152
\interspacealgoruled=\dimen153
\interspacetitleboxruled=\dimen154
\algocf@ruledwidth=\skip62
\algocf@inoutbox=\box55
\algocf@inputbox=\box56
\AlCapSkip=\skip63
\AlCapHSkip=\skip64
\algoskipindent=\skip65
\algocf@nlbox=\box57
\algocf@hangingbox=\box58
\algocf@untilbox=\box59
\algocf@skipuntil=\skip66
\algocf@capbox=\box60
\algocf@lcaptionbox=\skip67
\algoheightruledefault=\skip68
\algoheightrule=\skip69
\algotitleheightruledefault=\skip70
\algotitleheightrule=\skip71
\c@algocfline=\count297
\c@algocfproc=\count298
\c@algocf=\count299
\algocf@algoframe=\box61
\algocf@algobox=\box62
) (C:\Users\Ruochen\AppData\Local\Programs\MiKTeX\tex/latex/upquote\upquote.sty
Package: upquote 2012/04/19 v1.3 upright-quote and grave-accent glyphs in verba
tim
) (C:\Users\Ruochen\AppData\Local\Programs\MiKTeX\tex/latex/base\textcomp.sty
Package: textcomp 2020/02/02 v2.0n Standard LaTeX package
)
(C:\Users\Ruochen\AppData\Local\Programs\MiKTeX\tex/latex/amsfonts\amssymb.sty
Package: amssymb 2013/01/14 v3.01 AMS font symbols

(C:\Users\Ruochen\AppData\Local\Programs\MiKTeX\tex/latex/amsfonts\amsfonts.sty
Package: amsfonts 2013/01/14 v3.01 Basic AMSFonts support
\symAMSa=\mathgroup4
\symAMSb=\mathgroup5
LaTeX Font Info:    Redeclaring math symbol \hbar on input line 98.
LaTeX Font Info:    Overwriting math alphabet `\mathfrak' in version `bold'
(Font)                  U/euf/m/n --> U/euf/b/n on input line 106.
))
(C:\Users\Ruochen\AppData\Local\Programs\MiKTeX\tex/latex/amsmath\amsmath.sty
Package: amsmath 2021/10/15 v2.17l AMS math features
\@mathmargin=\skip72

For additional information on amsmath, use the `?' option.
(C:\Users\Ruochen\AppData\Local\Programs\MiKTeX\tex/latex/amsmath\amstext.sty
Package: amstext 2021/08/26 v2.01 AMS text
)
(C:\Users\Ruochen\AppData\Local\Programs\MiKTeX\tex/latex/amsmath\amsbsy.sty
Package: amsbsy 1999/11/29 v1.2d Bold Symbols
\pmbraise@=\dimen155
)
(C:\Users\Ruochen\AppData\Local\Programs\MiKTeX\tex/latex/amsmath\amsopn.sty
Package: amsopn 2021/08/26 v2.02 operator names
)
\inf@bad=\count300
LaTeX Info: Redefining \frac on input line 234.
\uproot@=\count301
\leftroot@=\count302
LaTeX Info: Redefining \overline on input line 399.
\classnum@=\count303
\DOTSCASE@=\count304
LaTeX Info: Redefining \ldots on input line 496.
LaTeX Info: Redefining \dots on input line 499.
LaTeX Info: Redefining \cdots on input line 620.
\Mathstrutbox@=\box63
\strutbox@=\box64
\big@size=\dimen156
LaTeX Font Info:    Redeclaring font encoding OML on input line 743.
LaTeX Font Info:    Redeclaring font encoding OMS on input line 744.
\macc@depth=\count305
\c@MaxMatrixCols=\count306
\dotsspace@=\muskip17
\c@parentequation=\count307
\dspbrk@lvl=\count308
\tag@help=\toks24
\row@=\count309
\column@=\count310
\maxfields@=\count311
\andhelp@=\toks25
\eqnshift@=\dimen157
\alignsep@=\dimen158
\tagshift@=\dimen159
\tagwidth@=\dimen160
\totwidth@=\dimen161
\lineht@=\dimen162
\@envbody=\toks26
\multlinegap=\skip73
\multlinetaggap=\skip74
\mathdisplay@stack=\toks27
LaTeX Info: Redefining \[ on input line 2938.
LaTeX Info: Redefining \] on input line 2939.
)
(C:\Users\Ruochen\AppData\Local\Programs\MiKTeX\tex/latex/amscls\amsthm.sty
Package: amsthm 2020/05/29 v2.20.6
\thm@style=\toks28
\thm@bodyfont=\toks29
\thm@headfont=\toks30
\thm@notefont=\toks31
\thm@headpunct=\toks32
\thm@preskip=\skip75
\thm@postskip=\skip76
\thm@headsep=\skip77
\dth@everypar=\toks33
)
(C:\Users\Ruochen\AppData\Local\Programs\MiKTeX\tex/latex/graphics\graphicx.sty
Package: graphicx 2021/09/16 v1.2d Enhanced LaTeX Graphics (DPC,SPQR)
\Gin@req@height=\dimen163
\Gin@req@width=\dimen164
) (C:\Users\Ruochen\AppData\Local\Programs\MiKTeX\tex/latex/tools\multicol.sty
Package: multicol 2021/10/28 v1.9b multicolumn formatting (FMi)
\c@tracingmulticols=\count312
\mult@box=\box65
\multicol@leftmargin=\dimen165
\c@unbalance=\count313
\c@collectmore=\count314
\doublecol@number=\count315
\multicoltolerance=\count316
\multicolpretolerance=\count317
\full@width=\dimen166
\page@free=\dimen167
\premulticols=\dimen168
\postmulticols=\dimen169
\multicolsep=\skip78
\multicolbaselineskip=\skip79
\partial@page=\box66
\last@line=\box67
\maxbalancingoverflow=\dimen170
\mult@rightbox=\box68
\mult@grightbox=\box69
\mult@firstbox=\box70
\mult@gfirstbox=\box71
\@tempa=\box72
\@tempa=\box73
\@tempa=\box74
\@tempa=\box75
\@tempa=\box76
\@tempa=\box77
\@tempa=\box78
\@tempa=\box79
\@tempa=\box80
\@tempa=\box81
\@tempa=\box82
\@tempa=\box83
\@tempa=\box84
\@tempa=\box85
\@tempa=\box86
\@tempa=\box87
\@tempa=\box88
\@tempa=\box89
\@tempa=\box90
\@tempa=\box91
\@tempa=\box92
\@tempa=\box93
\@tempa=\box94
\@tempa=\box95
\@tempa=\box96
\@tempa=\box97
\@tempa=\box98
\@tempa=\box99
\@tempa=\box100
\@tempa=\box101
\@tempa=\box102
\@tempa=\box103
\@tempa=\box104
\@tempa=\box105
\@tempa=\box106
\@tempa=\box107
\c@minrows=\count318
\c@columnbadness=\count319
\c@finalcolumnbadness=\count320
\last@try=\dimen171
\multicolovershoot=\dimen172
\multicolundershoot=\dimen173
\mult@nat@firstbox=\box108
\colbreak@box=\box109
\mc@col@check@num=\count321
) (C:\Users\Ruochen\AppData\Local\Programs\MiKTeX\tex/latex/float\float.sty
Package: float 2001/11/08 v1.3d Float enhancements (AL)
\c@float@type=\count322
\float@exts=\toks34
\float@box=\box110
\@float@everytoks=\toks35
\@floatcapt=\box111
)
(C:\Users\Ruochen\AppData\Local\Programs\MiKTeX\tex/latex/multirow\multirow.sty
Package: multirow 2021/03/15 v2.8 Span multiple rows of a table
\multirow@colwidth=\skip80
\multirow@cntb=\count323
\multirow@dima=\skip81
\bigstrutjot=\dimen174
)
(C:\Users\Ruochen\AppData\Local\Programs\MiKTeX\tex/latex/stmaryrd\stmaryrd.sty
Package: stmaryrd 1994/03/03 St Mary's Road symbol package
\symstmry=\mathgroup6
LaTeX Font Info:    Overwriting symbol font `stmry' in version `bold'
(Font)                  U/stmry/m/n --> U/stmry/b/n on input line 89.
)
(C:\Users\Ruochen\AppData\Local\Programs\MiKTeX\tex/latex/jknappen\mathrsfs.sty
Package: mathrsfs 1996/01/01 Math RSFS package v1.0 (jk)
\symrsfs=\mathgroup7
)
(C:\Users\Ruochen\AppData\Local\Programs\MiKTeX\tex/latex/makecell\makecell.sty
Package: makecell 2009/08/03 V0.1e Managing of Tab Column Heads and Cells
\rotheadsize=\dimen175
\c@nlinenum=\count324
\TeXr@lab=\toks36
)
(C:\Users\Ruochen\AppData\Local\Programs\MiKTeX\tex/latex/graphics\rotating.sty
Package: rotating 2016/08/11 v2.16d rotated objects in LaTeX
\c@r@tfl@t=\count325
\rotFPtop=\skip82
\rotFPbot=\skip83
\rot@float@box=\box112
\rot@mess@toks=\toks37
)
(C:\Users\Ruochen\AppData\Local\Programs\MiKTeX\tex/latex/pdfpages\pdfpages.sty
Package: pdfpages 2021/03/06 v0.5t Insert pages of external PDF documents (AM)
(C:\Users\Ruochen\AppData\Local\Programs\MiKTeX\tex/latex/tools\calc.sty
Package: calc 2017/05/25 v4.3 Infix arithmetic (KKT,FJ)
\calc@Acount=\count326
\calc@Bcount=\count327
\calc@Adimen=\dimen176
\calc@Bdimen=\dimen177
\calc@Askip=\skip84
\calc@Bskip=\skip85
LaTeX Info: Redefining \setlength on input line 80.
LaTeX Info: Redefining \addtolength on input line 81.
\calc@Ccount=\count328
\calc@Cskip=\skip86
)
(C:\Users\Ruochen\AppData\Local\Programs\MiKTeX\tex/latex/eso-pic\eso-pic.sty
Package: eso-pic 2020/10/14 v3.0a eso-pic (RN)
\ESO@tempdima=\dimen178
\ESO@tempdimb=\dimen179
)
\AM@pagewidth=\dimen180
\AM@pageheight=\dimen181
\AM@fboxrule=\dimen182

(C:\Users\Ruochen\AppData\Local\Programs\MiKTeX\tex/latex/pdfpages\pppdftex.def
File: pppdftex.def 2021/03/06 v0.5t Pdfpages driver for pdfTeX (AM)
)
\pdfpages@includegraphics@status=\count329
\AM@pagebox=\box113
\AM@global@opts=\toks38
\AM@pagecnt=\count330
\AM@toc@title=\toks39
\c@AM@survey=\count331
\AM@templatesizebox=\box114
)
LaTeX Font Info:    Redeclaring symbol font `AMSb' on input line 43.
LaTeX Font Info:    Overwriting symbol font `AMSb' in version `normal'
(Font)                  U/msb/m/n --> U/msb/m/n on input line 43.
LaTeX Font Info:    Overwriting symbol font `AMSb' in version `bold'
(Font)                  U/msb/m/n --> U/msb/m/n on input line 43.

(C:\Users\Ruochen\AppData\Local\Programs\MiKTeX\tex/latex/pgf/frontendlayer\tik
z.sty
(C:\Users\Ruochen\AppData\Local\Programs\MiKTeX\tex/latex/pgf/basiclayer\pgf.st
y
(C:\Users\Ruochen\AppData\Local\Programs\MiKTeX\tex/latex/pgf/utilities\pgfrcs.
sty
(C:\Users\Ruochen\AppData\Local\Programs\MiKTeX\tex/generic/pgf/utilities\pgfut
il-common.tex
\pgfutil@everybye=\toks40
\pgfutil@tempdima=\dimen183
\pgfutil@tempdimb=\dimen184

(C:\Users\Ruochen\AppData\Local\Programs\MiKTeX\tex/generic/pgf/utilities\pgfut
il-common-lists.tex))
(C:\Users\Ruochen\AppData\Local\Programs\MiKTeX\tex/generic/pgf/utilities\pgfut
il-latex.def
\pgfutil@abb=\box115
)
(C:\Users\Ruochen\AppData\Local\Programs\MiKTeX\tex/generic/pgf/utilities\pgfrc
s.code.tex
(C:\Users\Ruochen\AppData\Local\Programs\MiKTeX\tex/generic/pgf\pgf.revision.te
x)
Package: pgfrcs 2021/05/15 v3.1.9a (3.1.9a)
))
Package: pgf 2021/05/15 v3.1.9a (3.1.9a)

(C:\Users\Ruochen\AppData\Local\Programs\MiKTeX\tex/latex/pgf/basiclayer\pgfcor
e.sty
(C:\Users\Ruochen\AppData\Local\Programs\MiKTeX\tex/latex/pgf/systemlayer\pgfsy
s.sty
(C:\Users\Ruochen\AppData\Local\Programs\MiKTeX\tex/generic/pgf/systemlayer\pgf
sys.code.tex
Package: pgfsys 2021/05/15 v3.1.9a (3.1.9a)

(C:\Users\Ruochen\AppData\Local\Programs\MiKTeX\tex/generic/pgf/utilities\pgfke
ys.code.tex
\pgfkeys@pathtoks=\toks41
\pgfkeys@temptoks=\toks42

(C:\Users\Ruochen\AppData\Local\Programs\MiKTeX\tex/generic/pgf/utilities\pgfke
ysfiltered.code.tex
\pgfkeys@tmptoks=\toks43
))
\pgf@x=\dimen185
\pgf@y=\dimen186
\pgf@xa=\dimen187
\pgf@ya=\dimen188
\pgf@xb=\dimen189
\pgf@yb=\dimen190
\pgf@xc=\dimen191
\pgf@yc=\dimen192
\pgf@xd=\dimen193
\pgf@yd=\dimen194
\w@pgf@writea=\write3
\r@pgf@reada=\read2
\c@pgf@counta=\count332
\c@pgf@countb=\count333
\c@pgf@countc=\count334
\c@pgf@countd=\count335
\t@pgf@toka=\toks44
\t@pgf@tokb=\toks45
\t@pgf@tokc=\toks46
\pgf@sys@id@count=\count336

(C:\Users\Ruochen\AppData\Local\Programs\MiKTeX\tex/generic/pgf/systemlayer\pgf
.cfg
File: pgf.cfg 2021/05/15 v3.1.9a (3.1.9a)
)
Driver file for pgf: pgfsys-pdftex.def

(C:\Users\Ruochen\AppData\Local\Programs\MiKTeX\tex/generic/pgf/systemlayer\pgf
sys-pdftex.def
File: pgfsys-pdftex.def 2021/05/15 v3.1.9a (3.1.9a)

(C:\Users\Ruochen\AppData\Local\Programs\MiKTeX\tex/generic/pgf/systemlayer\pgf
sys-common-pdf.def
File: pgfsys-common-pdf.def 2021/05/15 v3.1.9a (3.1.9a)
)))
(C:\Users\Ruochen\AppData\Local\Programs\MiKTeX\tex/generic/pgf/systemlayer\pgf
syssoftpath.code.tex
File: pgfsyssoftpath.code.tex 2021/05/15 v3.1.9a (3.1.9a)
\pgfsyssoftpath@smallbuffer@items=\count337
\pgfsyssoftpath@bigbuffer@items=\count338
)
(C:\Users\Ruochen\AppData\Local\Programs\MiKTeX\tex/generic/pgf/systemlayer\pgf
sysprotocol.code.tex
File: pgfsysprotocol.code.tex 2021/05/15 v3.1.9a (3.1.9a)
))
(C:\Users\Ruochen\AppData\Local\Programs\MiKTeX\tex/latex/xcolor\xcolor.sty
Package: xcolor 2021/10/31 v2.13 LaTeX color extensions (UK)

(C:\Users\Ruochen\AppData\Local\Programs\MiKTeX\tex/latex/graphics-cfg\color.cf
g
File: color.cfg 2016/01/02 v1.6 sample color configuration
)
Package xcolor Info: Driver file: pdftex.def on input line 227.
LaTeX Info: Redefining \color on input line 711.
Package xcolor Info: Model `cmy' substituted by `cmy0' on input line 1352.
Package xcolor Info: Model `hsb' substituted by `rgb' on input line 1356.
Package xcolor Info: Model `RGB' extended on input line 1368.
Package xcolor Info: Model `HTML' substituted by `rgb' on input line 1370.
Package xcolor Info: Model `Hsb' substituted by `hsb' on input line 1371.
Package xcolor Info: Model `tHsb' substituted by `hsb' on input line 1372.
Package xcolor Info: Model `HSB' substituted by `hsb' on input line 1373.
Package xcolor Info: Model `Gray' substituted by `gray' on input line 1374.
Package xcolor Info: Model `wave' substituted by `hsb' on input line 1375.
)
(C:\Users\Ruochen\AppData\Local\Programs\MiKTeX\tex/generic/pgf/basiclayer\pgfc
ore.code.tex
Package: pgfcore 2021/05/15 v3.1.9a (3.1.9a)

(C:\Users\Ruochen\AppData\Local\Programs\MiKTeX\tex/generic/pgf/math\pgfmath.co
de.tex
(C:\Users\Ruochen\AppData\Local\Programs\MiKTeX\tex/generic/pgf/math\pgfmathcal
c.code.tex
(C:\Users\Ruochen\AppData\Local\Programs\MiKTeX\tex/generic/pgf/math\pgfmathuti
l.code.tex)
(C:\Users\Ruochen\AppData\Local\Programs\MiKTeX\tex/generic/pgf/math\pgfmathpar
ser.code.tex
\pgfmath@dimen=\dimen195
\pgfmath@count=\count339
\pgfmath@box=\box116
\pgfmath@toks=\toks47
\pgfmath@stack@operand=\toks48
\pgfmath@stack@operation=\toks49
)
(C:\Users\Ruochen\AppData\Local\Programs\MiKTeX\tex/generic/pgf/math\pgfmathfun
ctions.code.tex
(C:\Users\Ruochen\AppData\Local\Programs\MiKTeX\tex/generic/pgf/math\pgfmathfun
ctions.basic.code.tex)
(C:\Users\Ruochen\AppData\Local\Programs\MiKTeX\tex/generic/pgf/math\pgfmathfun
ctions.trigonometric.code.tex)
(C:\Users\Ruochen\AppData\Local\Programs\MiKTeX\tex/generic/pgf/math\pgfmathfun
ctions.random.code.tex)
(C:\Users\Ruochen\AppData\Local\Programs\MiKTeX\tex/generic/pgf/math\pgfmathfun
ctions.comparison.code.tex)
(C:\Users\Ruochen\AppData\Local\Programs\MiKTeX\tex/generic/pgf/math\pgfmathfun
ctions.base.code.tex)
(C:\Users\Ruochen\AppData\Local\Programs\MiKTeX\tex/generic/pgf/math\pgfmathfun
ctions.round.code.tex)
(C:\Users\Ruochen\AppData\Local\Programs\MiKTeX\tex/generic/pgf/math\pgfmathfun
ctions.misc.code.tex)
(C:\Users\Ruochen\AppData\Local\Programs\MiKTeX\tex/generic/pgf/math\pgfmathfun
ctions.integerarithmetics.code.tex)))
(C:\Users\Ruochen\AppData\Local\Programs\MiKTeX\tex/generic/pgf/math\pgfmathflo
at.code.tex
\c@pgfmathroundto@lastzeros=\count340
))
(C:\Users\Ruochen\AppData\Local\Programs\MiKTeX\tex/generic/pgf/math\pgfint.cod
e.tex)
(C:\Users\Ruochen\AppData\Local\Programs\MiKTeX\tex/generic/pgf/basiclayer\pgfc
orepoints.code.tex
File: pgfcorepoints.code.tex 2021/05/15 v3.1.9a (3.1.9a)
\pgf@picminx=\dimen196
\pgf@picmaxx=\dimen197
\pgf@picminy=\dimen198
\pgf@picmaxy=\dimen199
\pgf@pathminx=\dimen256
\pgf@pathmaxx=\dimen257
\pgf@pathminy=\dimen258
\pgf@pathmaxy=\dimen259
\pgf@xx=\dimen260
\pgf@xy=\dimen261
\pgf@yx=\dimen262
\pgf@yy=\dimen263
\pgf@zx=\dimen264
\pgf@zy=\dimen265
)
(C:\Users\Ruochen\AppData\Local\Programs\MiKTeX\tex/generic/pgf/basiclayer\pgfc
orepathconstruct.code.tex
File: pgfcorepathconstruct.code.tex 2021/05/15 v3.1.9a (3.1.9a)
\pgf@path@lastx=\dimen266
\pgf@path@lasty=\dimen267
)
(C:\Users\Ruochen\AppData\Local\Programs\MiKTeX\tex/generic/pgf/basiclayer\pgfc
orepathusage.code.tex
File: pgfcorepathusage.code.tex 2021/05/15 v3.1.9a (3.1.9a)
\pgf@shorten@end@additional=\dimen268
\pgf@shorten@start@additional=\dimen269
)
(C:\Users\Ruochen\AppData\Local\Programs\MiKTeX\tex/generic/pgf/basiclayer\pgfc
orescopes.code.tex
File: pgfcorescopes.code.tex 2021/05/15 v3.1.9a (3.1.9a)
\pgfpic=\box117
\pgf@hbox=\box118
\pgf@layerbox@main=\box119
\pgf@picture@serial@count=\count341
)
(C:\Users\Ruochen\AppData\Local\Programs\MiKTeX\tex/generic/pgf/basiclayer\pgfc
oregraphicstate.code.tex
File: pgfcoregraphicstate.code.tex 2021/05/15 v3.1.9a (3.1.9a)
\pgflinewidth=\dimen270
)
(C:\Users\Ruochen\AppData\Local\Programs\MiKTeX\tex/generic/pgf/basiclayer\pgfc
oretransformations.code.tex
File: pgfcoretransformations.code.tex 2021/05/15 v3.1.9a (3.1.9a)
\pgf@pt@x=\dimen271
\pgf@pt@y=\dimen272
\pgf@pt@temp=\dimen273
)
(C:\Users\Ruochen\AppData\Local\Programs\MiKTeX\tex/generic/pgf/basiclayer\pgfc
orequick.code.tex
File: pgfcorequick.code.tex 2021/05/15 v3.1.9a (3.1.9a)
)
(C:\Users\Ruochen\AppData\Local\Programs\MiKTeX\tex/generic/pgf/basiclayer\pgfc
oreobjects.code.tex
File: pgfcoreobjects.code.tex 2021/05/15 v3.1.9a (3.1.9a)
)
(C:\Users\Ruochen\AppData\Local\Programs\MiKTeX\tex/generic/pgf/basiclayer\pgfc
orepathprocessing.code.tex
File: pgfcorepathprocessing.code.tex 2021/05/15 v3.1.9a (3.1.9a)
)
(C:\Users\Ruochen\AppData\Local\Programs\MiKTeX\tex/generic/pgf/basiclayer\pgfc
orearrows.code.tex
File: pgfcorearrows.code.tex 2021/05/15 v3.1.9a (3.1.9a)
\pgfarrowsep=\dimen274
)
(C:\Users\Ruochen\AppData\Local\Programs\MiKTeX\tex/generic/pgf/basiclayer\pgfc
oreshade.code.tex
File: pgfcoreshade.code.tex 2021/05/15 v3.1.9a (3.1.9a)
\pgf@max=\dimen275
\pgf@sys@shading@range@num=\count342
\pgf@shadingcount=\count343
)
(C:\Users\Ruochen\AppData\Local\Programs\MiKTeX\tex/generic/pgf/basiclayer\pgfc
oreimage.code.tex
File: pgfcoreimage.code.tex 2021/05/15 v3.1.9a (3.1.9a)

(C:\Users\Ruochen\AppData\Local\Programs\MiKTeX\tex/generic/pgf/basiclayer\pgfc
oreexternal.code.tex
File: pgfcoreexternal.code.tex 2021/05/15 v3.1.9a (3.1.9a)
\pgfexternal@startupbox=\box120
))
(C:\Users\Ruochen\AppData\Local\Programs\MiKTeX\tex/generic/pgf/basiclayer\pgfc
orelayers.code.tex
File: pgfcorelayers.code.tex 2021/05/15 v3.1.9a (3.1.9a)
)
(C:\Users\Ruochen\AppData\Local\Programs\MiKTeX\tex/generic/pgf/basiclayer\pgfc
oretransparency.code.tex
File: pgfcoretransparency.code.tex 2021/05/15 v3.1.9a (3.1.9a)
)
(C:\Users\Ruochen\AppData\Local\Programs\MiKTeX\tex/generic/pgf/basiclayer\pgfc
orepatterns.code.tex
File: pgfcorepatterns.code.tex 2021/05/15 v3.1.9a (3.1.9a)
)
(C:\Users\Ruochen\AppData\Local\Programs\MiKTeX\tex/generic/pgf/basiclayer\pgfc
orerdf.code.tex
File: pgfcorerdf.code.tex 2021/05/15 v3.1.9a (3.1.9a)
)))
(C:\Users\Ruochen\AppData\Local\Programs\MiKTeX\tex/generic/pgf/modules\pgfmodu
leshapes.code.tex
File: pgfmoduleshapes.code.tex 2021/05/15 v3.1.9a (3.1.9a)
\pgfnodeparttextbox=\box121
)
(C:\Users\Ruochen\AppData\Local\Programs\MiKTeX\tex/generic/pgf/modules\pgfmodu
leplot.code.tex
File: pgfmoduleplot.code.tex 2021/05/15 v3.1.9a (3.1.9a)
)
(C:\Users\Ruochen\AppData\Local\Programs\MiKTeX\tex/latex/pgf/compatibility\pgf
comp-version-0-65.sty
Package: pgfcomp-version-0-65 2021/05/15 v3.1.9a (3.1.9a)
\pgf@nodesepstart=\dimen276
\pgf@nodesepend=\dimen277
)
(C:\Users\Ruochen\AppData\Local\Programs\MiKTeX\tex/latex/pgf/compatibility\pgf
comp-version-1-18.sty
Package: pgfcomp-version-1-18 2021/05/15 v3.1.9a (3.1.9a)
))
(C:\Users\Ruochen\AppData\Local\Programs\MiKTeX\tex/latex/pgf/utilities\pgffor.
sty
(C:\Users\Ruochen\AppData\Local\Programs\MiKTeX\tex/latex/pgf/utilities\pgfkeys
.sty
(C:\Users\Ruochen\AppData\Local\Programs\MiKTeX\tex/generic/pgf/utilities\pgfke
ys.code.tex))
(C:\Users\Ruochen\AppData\Local\Programs\MiKTeX\tex/latex/pgf/math\pgfmath.sty
(C:\Users\Ruochen\AppData\Local\Programs\MiKTeX\tex/generic/pgf/math\pgfmath.co
de.tex))
(C:\Users\Ruochen\AppData\Local\Programs\MiKTeX\tex/generic/pgf/utilities\pgffo
r.code.tex
Package: pgffor 2021/05/15 v3.1.9a (3.1.9a)

(C:\Users\Ruochen\AppData\Local\Programs\MiKTeX\tex/generic/pgf/math\pgfmath.co
de.tex)
\pgffor@iter=\dimen278
\pgffor@skip=\dimen279
\pgffor@stack=\toks50
\pgffor@toks=\toks51
))
(C:\Users\Ruochen\AppData\Local\Programs\MiKTeX\tex/generic/pgf/frontendlayer/t
ikz\tikz.code.tex
Package: tikz 2021/05/15 v3.1.9a (3.1.9a)

(C:\Users\Ruochen\AppData\Local\Programs\MiKTeX\tex/generic/pgf/libraries\pgfli
braryplothandlers.code.tex
File: pgflibraryplothandlers.code.tex 2021/05/15 v3.1.9a (3.1.9a)
\pgf@plot@mark@count=\count344
\pgfplotmarksize=\dimen280
)
\tikz@lastx=\dimen281
\tikz@lasty=\dimen282
\tikz@lastxsaved=\dimen283
\tikz@lastysaved=\dimen284
\tikz@lastmovetox=\dimen285
\tikz@lastmovetoy=\dimen286
\tikzleveldistance=\dimen287
\tikzsiblingdistance=\dimen288
\tikz@figbox=\box122
\tikz@figbox@bg=\box123
\tikz@tempbox=\box124
\tikz@tempbox@bg=\box125
\tikztreelevel=\count345
\tikznumberofchildren=\count346
\tikznumberofcurrentchild=\count347
\tikz@fig@count=\count348

(C:\Users\Ruochen\AppData\Local\Programs\MiKTeX\tex/generic/pgf/modules\pgfmodu
lematrix.code.tex
File: pgfmodulematrix.code.tex 2021/05/15 v3.1.9a (3.1.9a)
\pgfmatrixcurrentrow=\count349
\pgfmatrixcurrentcolumn=\count350
\pgf@matrix@numberofcolumns=\count351
)
\tikz@expandcount=\count352

(C:\Users\Ruochen\AppData\Local\Programs\MiKTeX\tex/generic/pgf/frontendlayer/t
ikz/libraries\tikzlibrarytopaths.code.tex
File: tikzlibrarytopaths.code.tex 2021/05/15 v3.1.9a (3.1.9a)
)))
(C:\Users\Ruochen\AppData\Local\Programs\MiKTeX\tex/latex/l3backend\l3backend-p
dftex.def
File: l3backend-pdftex.def 2021-12-14 L3 backend support: PDF output (pdfTeX)
\l__color_backend_stack_int=\count353
\l__pdf_internal_box=\box126
) (KONG_ImageTrans_Profile.aux)
\openout1 = `KONG_ImageTrans_Profile.aux'.

LaTeX Font Info:    Checking defaults for OML/cmm/m/it on input line 54.
LaTeX Font Info:    ... okay on input line 54.
LaTeX Font Info:    Checking defaults for OMS/cmsy/m/n on input line 54.
LaTeX Font Info:    ... okay on input line 54.
LaTeX Font Info:    Checking defaults for OT1/cmr/m/n on input line 54.
LaTeX Font Info:    ... okay on input line 54.
LaTeX Font Info:    Checking defaults for T1/cmr/m/n on input line 54.
LaTeX Font Info:    ... okay on input line 54.
LaTeX Font Info:    Checking defaults for TS1/cmr/m/n on input line 54.
LaTeX Font Info:    ... okay on input line 54.
LaTeX Font Info:    Checking defaults for OMX/cmex/m/n on input line 54.
LaTeX Font Info:    ... okay on input line 54.
LaTeX Font Info:    Checking defaults for U/cmr/m/n on input line 54.
LaTeX Font Info:    ... okay on input line 54.
LaTeX Font Info:    Checking defaults for PD1/pdf/m/n on input line 54.
LaTeX Font Info:    ... okay on input line 54.
LaTeX Font Info:    Checking defaults for PU/pdf/m/n on input line 54.
LaTeX Font Info:    ... okay on input line 54.

(C:\Users\Ruochen\AppData\Local\Programs\MiKTeX\tex/latex/fmtcount\fc-english.d
ef
File: fc-english.def 2016/01/12
)
(C:\Users\Ruochen\AppData\Local\Programs\MiKTeX\tex/context/base/mkii\supp-pdf.
mkii
[Loading MPS to PDF converter (version 2006.09.02).]
\scratchcounter=\count354
\scratchdimen=\dimen289
\scratchbox=\box127
\nofMPsegments=\count355
\nofMParguments=\count356
\everyMPshowfont=\toks52
\MPscratchCnt=\count357
\MPscratchDim=\dimen290
\MPnumerator=\count358
\makeMPintoPDFobject=\count359
\everyMPtoPDFconversion=\toks53
)
(C:\Users\Ruochen\AppData\Local\Programs\MiKTeX\tex/latex/epstopdf-pkg\epstopdf
-base.sty
Package: epstopdf-base 2020-01-24 v2.11 Base part for package epstopdf
Package epstopdf-base Info: Redefining graphics rule for `.eps' on input line 4
85.

(C:\Users\Ruochen\AppData\Local\Programs\MiKTeX\tex/latex/00miktex\epstopdf-sys
.cfg
File: epstopdf-sys.cfg 2021/03/18 v2.0 Configuration of epstopdf for MiKTeX
))
Package hyperref Info: Link coloring ON on input line 54.

(C:\Users\Ruochen\AppData\Local\Programs\MiKTeX\tex/latex/hyperref\nameref.sty
Package: nameref 2021-04-02 v2.47 Cross-referencing by name of section

(C:\Users\Ruochen\AppData\Local\Programs\MiKTeX\tex/latex/refcount\refcount.sty
Package: refcount 2019/12/15 v3.6 Data extraction from label references (HO)
)
(C:\Users\Ruochen\AppData\Local\Programs\MiKTeX\tex/generic/gettitlestring\gett
itlestring.sty
Package: gettitlestring 2019/12/15 v1.6 Cleanup title references (HO)
)
\c@section@level=\count360
)
LaTeX Info: Redefining \ref on input line 54.
LaTeX Info: Redefining \pageref on input line 54.
LaTeX Info: Redefining \nameref on input line 54.
 (KONG_ImageTrans_Profile.out) (KONG_ImageTrans_Profile.out)
\@outlinefile=\write4
\openout4 = `KONG_ImageTrans_Profile.out'.


(C:\Users\Ruochen\AppData\Local\Programs\MiKTeX\tex/latex/pdflscape\pdflscape.s
ty
Package: pdflscape 2019/12/05 v0.12 Display of landscape pages in PDF (HO)

(C:\Users\Ruochen\AppData\Local\Programs\MiKTeX\tex/latex/graphics\lscape.sty
Package: lscape 2020/05/28 v3.02 Landscape Pages (DPC)
)
Package pdflscape Info: Auto-detected driver: pdftex on input line 81.
)
LaTeX Font Info:    Trying to load font information for U+msa on input line 55.

(C:\Users\Ruochen\AppData\Local\Programs\MiKTeX\tex/latex/amsfonts\umsa.fd
File: umsa.fd 2013/01/14 v3.01 AMS symbols A
)
LaTeX Font Info:    Trying to load font information for U+msb on input line 55.


(C:\Users\Ruochen\AppData\Local\Programs\MiKTeX\tex/latex/amsfonts\umsb.fd
File: umsb.fd 2013/01/14 v3.01 AMS symbols B
)
LaTeX Font Info:    Trying to load font information for U+stmry on input line 5
5.

(C:\Users\Ruochen\AppData\Local\Programs\MiKTeX\tex/latex/stmaryrd\ustmry.fd)
LaTeX Font Info:    Trying to load font information for U+rsfs on input line 55
.

(C:\Users\Ruochen\AppData\Local\Programs\MiKTeX\tex/latex/jknappen\ursfs.fd
File: ursfs.fd 1998/03/24 rsfs font definition file (jk)
)
<prof_viz.png, id=17, 3389.16188pt x 1141.26375pt>
File: prof_viz.png Graphic file (type png)
<use prof_viz.png>
Package pdftex.def Info: prof_viz.png  used on input line 67.
(pdftex.def)             Requested size: 422.77661pt x 142.36157pt.

Underfull \hbox (badness 10000) in paragraph at lines 72--73

 []

[1

{C:/Users/Ruochen/AppData/Local/MiKTeX/fonts/map/pdftex/pdftex.map}
pdfTeX warning (ext4): destination with the same identifier (name{figure.1}) ha
s been already used, duplicate ignored
<argument> ...shipout:D \box_use:N \l_shipout_box 
                                                  \__shipout_drop_firstpage_...
l.76 \newpage
              <./prof_viz.png>]
<KONG_ImageTrans_Profile_full.pdf, id=35, 615.25856pt x 795.93356pt>
File: KONG_ImageTrans_Profile_full.pdf Graphic file (type pdf)
<use KONG_ImageTrans_Profile_full.pdf>
Package pdftex.def Info: KONG_ImageTrans_Profile_full.pdf  used on input line 7
7.
(pdftex.def)             Requested size: 615.25705pt x 795.93163pt.
File: KONG_ImageTrans_Profile_full.pdf Graphic file (type pdf)
<use KONG_ImageTrans_Profile_full.pdf>
Package pdftex.def Info: KONG_ImageTrans_Profile_full.pdf  used on input line 7
7.
(pdftex.def)             Requested size: 615.25705pt x 795.93163pt.
<KONG_ImageTrans_Profile_full.pdf, id=38, page=1, 615.25856pt x 795.93356pt>
File: KONG_ImageTrans_Profile_full.pdf Graphic file (type pdf)
<use KONG_ImageTrans_Profile_full.pdf, page 1>
Package pdftex.def Info: KONG_ImageTrans_Profile_full.pdf , page1 used on input
 line 77.
(pdftex.def)             Requested size: 615.25705pt x 795.93163pt.
File: KONG_ImageTrans_Profile_full.pdf Graphic file (type pdf)
<use KONG_ImageTrans_Profile_full.pdf, page 1>
Package pdftex.def Info: KONG_ImageTrans_Profile_full.pdf , page1 used on input
 line 77.
(pdftex.def)             Requested size: 614.54355pt x 795.0086pt.
File: KONG_ImageTrans_Profile_full.pdf Graphic file (type pdf)
<use KONG_ImageTrans_Profile_full.pdf, page 1>
Package pdftex.def Info: KONG_ImageTrans_Profile_full.pdf , page1 used on input
 line 77.
(pdftex.def)             Requested size: 614.54355pt x 795.0086pt.
File: KONG_ImageTrans_Profile_full.pdf Graphic file (type pdf)
<use KONG_ImageTrans_Profile_full.pdf, page 1>
Package pdftex.def Info: KONG_ImageTrans_Profile_full.pdf , page1 used on input
 line 77.
(pdftex.def)             Requested size: 614.54355pt x 795.0086pt.
File: KONG_ImageTrans_Profile_full.pdf Graphic file (type pdf)
<use KONG_ImageTrans_Profile_full.pdf, page 1>
Package pdftex.def Info: KONG_ImageTrans_Profile_full.pdf , page1 used on input
 line 77.
(pdftex.def)             Requested size: 614.54355pt x 795.0086pt.
 [2 <./KONG_ImageTrans_Profile_full.pdf>]
<KONG_ImageTrans_Profile_full.pdf, id=72, page=2, 615.25856pt x 795.93356pt>
File: KONG_ImageTrans_Profile_full.pdf Graphic file (type pdf)
<use KONG_ImageTrans_Profile_full.pdf, page 2>
Package pdftex.def Info: KONG_ImageTrans_Profile_full.pdf , page2 used on input
 line 77.
(pdftex.def)             Requested size: 614.54355pt x 795.0086pt.
File: KONG_ImageTrans_Profile_full.pdf Graphic file (type pdf)
<use KONG_ImageTrans_Profile_full.pdf, page 2>
Package pdftex.def Info: KONG_ImageTrans_Profile_full.pdf , page2 used on input
 line 77.
(pdftex.def)             Requested size: 614.54355pt x 795.0086pt.
File: KONG_ImageTrans_Profile_full.pdf Graphic file (type pdf)
<use KONG_ImageTrans_Profile_full.pdf, page 2>
Package pdftex.def Info: KONG_ImageTrans_Profile_full.pdf , page2 used on input
 line 77.
(pdftex.def)             Requested size: 614.54355pt x 795.0086pt.

[3 <./KONG_ImageTrans_Profile_full.pdf>]
<KONG_ImageTrans_Profile_full.pdf, id=81, page=3, 615.25856pt x 795.93356pt>
File: KONG_ImageTrans_Profile_full.pdf Graphic file (type pdf)
<use KONG_ImageTrans_Profile_full.pdf, page 3>
Package pdftex.def Info: KONG_ImageTrans_Profile_full.pdf , page3 used on input
 line 77.
(pdftex.def)             Requested size: 614.54355pt x 795.0086pt.
File: KONG_ImageTrans_Profile_full.pdf Graphic file (type pdf)
<use KONG_ImageTrans_Profile_full.pdf, page 3>
Package pdftex.def Info: KONG_ImageTrans_Profile_full.pdf , page3 used on input
 line 77.
(pdftex.def)             Requested size: 614.54355pt x 795.0086pt.
File: KONG_ImageTrans_Profile_full.pdf Graphic file (type pdf)
<use KONG_ImageTrans_Profile_full.pdf, page 3>
Package pdftex.def Info: KONG_ImageTrans_Profile_full.pdf , page3 used on input
 line 77.
(pdftex.def)             Requested size: 614.54355pt x 795.0086pt.
 [4 <./KONG_ImageTrans_Profile_full.pdf>]
<KONG_ImageTrans_Profile_full.pdf, id=90, page=4, 615.25856pt x 795.93356pt>
File: KONG_ImageTrans_Profile_full.pdf Graphic file (type pdf)
<use KONG_ImageTrans_Profile_full.pdf, page 4>
Package pdftex.def Info: KONG_ImageTrans_Profile_full.pdf , page4 used on input
 line 77.
(pdftex.def)             Requested size: 614.54355pt x 795.0086pt.
File: KONG_ImageTrans_Profile_full.pdf Graphic file (type pdf)
<use KONG_ImageTrans_Profile_full.pdf, page 4>
Package pdftex.def Info: KONG_ImageTrans_Profile_full.pdf , page4 used on input
 line 77.
(pdftex.def)             Requested size: 614.54355pt x 795.0086pt.
File: KONG_ImageTrans_Profile_full.pdf Graphic file (type pdf)
<use KONG_ImageTrans_Profile_full.pdf, page 4>
Package pdftex.def Info: KONG_ImageTrans_Profile_full.pdf , page4 used on input
 line 77.
(pdftex.def)             Requested size: 614.54355pt x 795.0086pt.
 [5 <./KONG_ImageTrans_Profile_full.pdf>]
<KONG_ImageTrans_Profile_full.pdf, id=99, page=5, 615.25856pt x 795.93356pt>
File: KONG_ImageTrans_Profile_full.pdf Graphic file (type pdf)
<use KONG_ImageTrans_Profile_full.pdf, page 5>
Package pdftex.def Info: KONG_ImageTrans_Profile_full.pdf , page5 used on input
 line 77.
(pdftex.def)             Requested size: 614.54355pt x 795.0086pt.
File: KONG_ImageTrans_Profile_full.pdf Graphic file (type pdf)
<use KONG_ImageTrans_Profile_full.pdf, page 5>
Package pdftex.def Info: KONG_ImageTrans_Profile_full.pdf , page5 used on input
 line 77.
(pdftex.def)             Requested size: 614.54355pt x 795.0086pt.
File: KONG_ImageTrans_Profile_full.pdf Graphic file (type pdf)
<use KONG_ImageTrans_Profile_full.pdf, page 5>
Package pdftex.def Info: KONG_ImageTrans_Profile_full.pdf , page5 used on input
 line 77.
(pdftex.def)             Requested size: 614.54355pt x 795.0086pt.
 [6 <./KONG_ImageTrans_Profile_full.pdf>] (KONG_ImageTrans_Profile.aux)
Package rerunfilecheck Info: File `KONG_ImageTrans_Profile.out' has not changed
.
(rerunfilecheck)             Checksum: 96491545BAA92B3DE8AED517B4386839;376.
 ) 
Here is how much of TeX's memory you used:
 24056 strings out of 478659
 446934 string characters out of 2844972
 725246 words of memory out of 3000000
 41686 multiletter control sequences out of 15000+600000
 411504 words of font info for 59 fonts, out of 8000000 for 9000
 1141 hyphenation exceptions out of 8191
 84i,17n,89p,1088b,527s stack positions out of 5000i,500n,10000p,200000b,80000s
<C:/Users/Ruochen/AppData/Local/Programs/MiKTeX/fonts/type1/public/amsfonts/c
m/cmbx10.pfb><C:/Users/Ruochen/AppData/Local/Programs/MiKTeX/fonts/type1/public
/amsfonts/cm/cmbx12.pfb><C:/Users/Ruochen/AppData/Local/Programs/MiKTeX/fonts/t
ype1/public/amsfonts/cm/cmbxti10.pfb><C:/Users/Ruochen/AppData/Local/Programs/M
iKTeX/fonts/type1/public/amsfonts/cm/cmr10.pfb><C:/Users/Ruochen/AppData/Local/
Programs/MiKTeX/fonts/type1/public/amsfonts/cm/cmr12.pfb><C:/Users/Ruochen/AppD
ata/Local/Programs/MiKTeX/fonts/type1/public/amsfonts/cm/cmr17.pfb><C:/Users/Ru
ochen/AppData/Local/Programs/MiKTeX/fonts/type1/public/amsfonts/cm/cmti10.pfb>
Output written on KONG_ImageTrans_Profile.pdf (6 pages, 601639 bytes).
PDF statistics:
 142 PDF objects out of 1000 (max. 8388607)
 12 named destinations out of 1000 (max. 500000)
 74 words of extra memory for PDF output out of 10000 (max. 10000000)

